# JRE version: OpenJDK Runtime Environment (8.0_242-b01) (build 1.8.0_242-release-1644-b01)
# Java VM: OpenJDK 64-Bit Server VM (25.242-b01 mixed mode windows-amd64 compressed oops)
Heap:
 PSYoungGen      total 180736K, used 135540K [0x00000000d5580000, 0x00000000e1d00000, 0x0000000100000000)
  eden space 159232K, 74% used [0x00000000d5580000,0x00000000dc94f870,0x00000000df100000)
  from space 21504K, 78% used [0x00000000e0700000,0x00000000e178db10,0x00000000e1c00000)
  to   space 22528K, 0% used [0x00000000df100000,0x00000000df100000,0x00000000e0700000)
 ParOldGen       total 295936K, used 53054K [0x0000000080000000, 0x0000000092100000, 0x00000000d5580000)
  object space 295936K, 17% used [0x0000000080000000,0x00000000833cf828,0x0000000092100000)
 Metaspace       used 118872K, capacity 128116K, committed 129816K, reserved 1163264K
  class space    used 14572K, capacity 16072K, committed 16424K, reserved 1048576K
GC Heap History (10 events):
Event: 14608.291 GC heap before
{Heap before GC invocations=188 (full 8):
 PSYoungGen      total 153600K, used 140153K [0x00000000d5580000, 0x00000000e0c80000, 0x0000000100000000)
  eden space 130560K, 99% used [0x00000000d5580000,0x00000000dd4fe6f8,0x00000000dd500000)
  from space 23040K, 41% used [0x00000000dd500000,0x00000000dde60000,0x00000000deb80000)
  to   space 22528K, 0% used [0x00000000df680000,0x00000000df680000,0x00000000e0c80000)
 ParOldGen       total 295936K, used 53038K [0x0000000080000000, 0x0000000092100000, 0x00000000d5580000)
  object space 295936K, 17% used [0x0000000080000000,0x00000000833cb828,0x0000000092100000)
 Metaspace       used 118524K, capacity 127674K, committed 129816K, reserved 1163264K
  class space    used 14548K, capacity 16031K, committed 16424K, reserved 1048576K
Event: 14608.302 GC heap after
Heap after GC invocations=188 (full 8):
 PSYoungGen      total 161792K, used 4704K [0x00000000d5580000, 0x00000000e0b00000, 0x0000000100000000)
  eden space 140800K, 0% used [0x00000000d5580000,0x00000000d5580000,0x00000000ddf00000)
  from space 20992K, 22% used [0x00000000df680000,0x00000000dfb18150,0x00000000e0b00000)
  to   space 22528K, 0% used [0x00000000ddf00000,0x00000000ddf00000,0x00000000df500000)
 ParOldGen       total 295936K, used 53038K [0x0000000080000000, 0x0000000092100000, 0x00000000d5580000)
  object space 295936K, 17% used [0x0000000080000000,0x00000000833cb828,0x0000000092100000)
 Metaspace       used 118524K, capacity 127674K, committed 129816K, reserved 1163264K
  class space    used 14548K, capacity 16031K, committed 16424K, reserved 1048576K
}
Event: 14609.321 GC heap before
{Heap before GC invocations=189 (full 8):
 PSYoungGen      total 161792K, used 145504K [0x00000000d5580000, 0x00000000e0b00000, 0x0000000100000000)
  eden space 140800K, 100% used [0x00000000d5580000,0x00000000ddf00000,0x00000000ddf00000)
  from space 20992K, 22% used [0x00000000df680000,0x00000000dfb18150,0x00000000e0b00000)
  to   space 22528K, 0% used [0x00000000ddf00000,0x00000000ddf00000,0x00000000df500000)
 ParOldGen       total 295936K, used 53038K [0x0000000080000000, 0x0000000092100000, 0x00000000d5580000)
  object space 295936K, 17% used [0x0000000080000000,0x00000000833cb828,0x0000000092100000)
 Metaspace       used 118552K, capacity 127680K, committed 129816K, reserved 1163264K
  class space    used 14549K, capacity 16032K, committed 16424K, reserved 1048576K
Event: 14609.331 GC heap after
Heap after GC invocations=189 (full 8):
 PSYoungGen      total 163328K, used 9776K [0x00000000d5580000, 0x00000000e1400000, 0x0000000100000000)
  eden space 140800K, 0% used [0x00000000d5580000,0x00000000d5580000,0x00000000ddf00000)
  from space 22528K, 43% used [0x00000000ddf00000,0x00000000de88c030,0x00000000df500000)
  to   space 21504K, 0% used [0x00000000dff00000,0x00000000dff00000,0x00000000e1400000)
 ParOldGen       total 295936K, used 53046K [0x0000000080000000, 0x0000000092100000, 0x00000000d5580000)
  object space 295936K, 17% used [0x0000000080000000,0x00000000833cd828,0x0000000092100000)
 Metaspace       used 118552K, capacity 127680K, committed 129816K, reserved 1163264K
  class space    used 14549K, capacity 16032K, committed 16424K, reserved 1048576K
}
Event: 14634.736 GC heap before
{Heap before GC invocations=190 (full 8):
 PSYoungGen      total 163328K, used 150576K [0x00000000d5580000, 0x00000000e1400000, 0x0000000100000000)
  eden space 140800K, 100% used [0x00000000d5580000,0x00000000ddf00000,0x00000000ddf00000)
  from space 22528K, 43% used [0x00000000ddf00000,0x00000000de88c030,0x00000000df500000)
  to   space 21504K, 0% used [0x00000000dff00000,0x00000000dff00000,0x00000000e1400000)
 ParOldGen       total 295936K, used 53046K [0x0000000080000000, 0x0000000092100000, 0x00000000d5580000)
  object space 295936K, 17% used [0x0000000080000000,0x00000000833cd828,0x0000000092100000)
 Metaspace       used 118572K, capacity 127680K, committed 129816K, reserved 1163264K
  class space    used 14549K, capacity 16032K, committed 16424K, reserved 1048576K
Event: 14634.745 GC heap after
Heap after GC invocations=190 (full 8):
 PSYoungGen      total 168448K, used 6816K [0x00000000d5580000, 0x00000000e1100000, 0x0000000100000000)
  eden space 150016K, 0% used [0x00000000d5580000,0x00000000d5580000,0x00000000de800000)
  from space 18432K, 36% used [0x00000000dff00000,0x00000000e05a8020,0x00000000e1100000)
  to   space 20992K, 0% used [0x00000000de800000,0x00000000de800000,0x00000000dfc80000)
 ParOldGen       total 295936K, used 53054K [0x0000000080000000, 0x0000000092100000, 0x00000000d5580000)
  object space 295936K, 17% used [0x0000000080000000,0x00000000833cf828,0x0000000092100000)
 Metaspace       used 118572K, capacity 127680K, committed 129816K, reserved 1163264K
  class space    used 14549K, capacity 16032K, committed 16424K, reserved 1048576K
}
Event: 14636.424 GC heap before
{Heap before GC invocations=191 (full 8):
 PSYoungGen      total 168448K, used 156819K [0x00000000d5580000, 0x00000000e1100000, 0x0000000100000000)
  eden space 150016K, 99% used [0x00000000d5580000,0x00000000de7fcf78,0x00000000de800000)
  from space 18432K, 36% used [0x00000000dff00000,0x00000000e05a8020,0x00000000e1100000)
  to   space 20992K, 0% used [0x00000000de800000,0x00000000de800000,0x00000000dfc80000)
 ParOldGen       total 295936K, used 53054K [0x0000000080000000, 0x0000000092100000, 0x00000000d5580000)
  object space 295936K, 17% used [0x0000000080000000,0x00000000833cf828,0x0000000092100000)
 Metaspace       used 118573K, capacity 127680K, committed 129816K, reserved 1163264K
  class space    used 14549K, capacity 16032K, committed 16424K, reserved 1048576K
Event: 14636.436 GC heap after
Heap after GC invocations=191 (full 8):
 PSYoungGen      total 171008K, used 14000K [0x00000000d5580000, 0x00000000e1c00000, 0x0000000100000000)
  eden space 150016K, 0% used [0x00000000d5580000,0x00000000d5580000,0x00000000de800000)
  from space 20992K, 66% used [0x00000000de800000,0x00000000df5ac030,0x00000000dfc80000)
  to   space 21504K, 0% used [0x00000000e0700000,0x00000000e0700000,0x00000000e1c00000)
 ParOldGen       total 295936K, used 53054K [0x0000000080000000, 0x0000000092100000, 0x00000000d5580000)
  object space 295936K, 17% used [0x0000000080000000,0x00000000833cf828,0x0000000092100000)
 Metaspace       used 118573K, capacity 127680K, committed 129816K, reserved 1163264K
  class space    used 14549K, capacity 16032K, committed 16424K, reserved 1048576K
}
Event: 14641.617 GC heap before
{Heap before GC invocations=192 (full 8):
 PSYoungGen      total 171008K, used 164016K [0x00000000d5580000, 0x00000000e1c00000, 0x0000000100000000)
  eden space 150016K, 100% used [0x00000000d5580000,0x00000000de800000,0x00000000de800000)
  from space 20992K, 66% used [0x00000000de800000,0x00000000df5ac030,0x00000000dfc80000)
  to   space 21504K, 0% used [0x00000000e0700000,0x00000000e0700000,0x00000000e1c00000)
 ParOldGen       total 295936K, used 53054K [0x0000000080000000, 0x0000000092100000, 0x00000000d5580000)
  object space 295936K, 17% used [0x0000000080000000,0x00000000833cf828,0x0000000092100000)
 Metaspace       used 118831K, capacity 128052K, committed 129816K, reserved 1163264K
  class space    used 14571K, capacity 16072K, committed 16424K, reserved 1048576K
Event: 14641.631 GC heap after
Heap after GC invocations=192 (full 8):
 PSYoungGen      total 180736K, used 16950K [0x00000000d5580000, 0x00000000e1d00000, 0x0000000100000000)
  eden space 159232K, 0% used [0x00000000d5580000,0x00000000d5580000,0x00000000df100000)
  from space 21504K, 78% used [0x00000000e0700000,0x00000000e178db10,0x00000000e1c00000)
  to   space 22528K, 0% used [0x00000000df100000,0x00000000df100000,0x00000000e0700000)
 ParOldGen       total 295936K, used 53054K [0x0000000080000000, 0x0000000092100000, 0x00000000d5580000)
  object space 295936K, 17% used [0x0000000080000000,0x00000000833cf828,0x0000000092100000)
 Metaspace       used 118831K, capacity 128052K, committed 129816K, reserved 1163264K
  class space    used 14571K, capacity 16072K, committed 16424K, reserved 1048576K
}

